<?xml version="1.0" encoding="UTF-8"?>
<!-- Generated by org.testng.reporters.JUnitReportReporter -->
<testsuite hostname="DESKTOP-KJDH9J2" failures="0" tests="1" name="pagepkg.Fblogintest" time="0.235" errors="0" timestamp="2024-01-10T22:05:10 IST" skipped="0">
  <testcase classname="pagepkg.Fblogintest" name="testlogin" time="0.235"/>
  <system-out/>
</testsuite> <!-- pagepkg.Fblogintest -->
