<?xml version="1.0" encoding="UTF-8"?>
<!-- Generated by org.testng.reporters.JUnitReportReporter -->
<testsuite hostname="DESKTOP-KJDH9J2" failures="0" tests="1" name="testngpkg.Testingdemo1" time="10.698" errors="0" timestamp="2023-12-14T21:50:25 IST" skipped="0">
  <testcase classname="testngpkg.Testingdemo1" name="test1" time="10.698"/>
  <system-out/>
</testsuite> <!-- testngpkg.Testingdemo1 -->
