<?xml version="1.0" encoding="UTF-8"?>
<!-- Generated by org.testng.reporters.JUnitReportReporter -->
<testsuite hostname="DESKTOP-KJDH9J2" failures="0" tests="1" name="testngpkg.AutoItprgm1" time="8.455" errors="0" timestamp="2024-01-03T16:03:10 IST" skipped="0">
  <testcase classname="testngpkg.AutoItprgm1" name="main" time="8.455"/>
  <system-out/>
</testsuite> <!-- testngpkg.AutoItprgm1 -->
