<?xml version="1.0" encoding="UTF-8"?>
<!-- Generated by org.testng.reporters.JUnitReportReporter -->
<testsuite hostname="DESKTOP-KJDH9J2" failures="0" tests="1" name="pkg.CopyPaste" time="0.947" errors="0" timestamp="2023-12-15T21:42:10 IST" skipped="0">
  <testcase classname="pkg.CopyPaste" name="test" time="0.947"/>
  <system-out/>
</testsuite> <!-- pkg.CopyPaste -->
