<?xml version="1.0" encoding="UTF-8"?>
<!-- Generated by org.testng.reporters.JUnitReportReporter -->
<testsuite hostname="DESKTOP-KJDH9J2" failures="0" tests="1" name="testngpkg.Amazontask" time="16.488" errors="0" timestamp="2023-12-29T10:31:50 IST" skipped="0">
  <testcase classname="testngpkg.Amazontask" name="test1" time="16.488"/>
  <system-out/>
</testsuite> <!-- testngpkg.Amazontask -->
