<?xml version="1.0" encoding="UTF-8"?>
<!-- Generated by org.testng.reporters.JUnitReportReporter -->
<testsuite hostname="DESKTOP-KJDH9J2" failures="0" tests="1" name="testngpkg.FileuploadRobot" time="14.144" errors="0" timestamp="2024-01-02T11:37:10 IST" skipped="0">
  <testcase classname="testngpkg.FileuploadRobot" name="fileupload" time="14.144"/>
  <system-out/>
</testsuite> <!-- testngpkg.FileuploadRobot -->
