<?xml version="1.0" encoding="UTF-8"?>
<!-- Generated by org.testng.reporters.JUnitReportReporter -->
<testsuite hostname="DESKTOP-KJDH9J2" failures="0" tests="1" name="testngpkg.Parameterisationdemo" time="0.018" errors="0" timestamp="2023-12-15T20:32:45 IST" skipped="0">
  <testcase classname="testngpkg.Parameterisationdemo" name="main" time="0.018"/>
  <system-out/>
</testsuite> <!-- testngpkg.Parameterisationdemo -->
