<?xml version="1.0" encoding="UTF-8"?>
<!-- Generated by org.testng.reporters.JUnitReportReporter -->
<testsuite hostname="DESKTOP-KJDH9J2" failures="0" tests="1" name="testngpkg.TestLogin" time="11.269" errors="0" timestamp="2024-01-03T18:05:24 IST" skipped="0">
  <testcase classname="testngpkg.TestLogin" name="setUp" time="11.269"/>
  <system-out/>
</testsuite> <!-- testngpkg.TestLogin -->
